[0m[[0m[0mdebug[0m] [0m[0m> Exec(run, Some(4f59477c-dbd1-416b-9807-f0d5d43551e6), Some(CommandSource(console0)))[0m
[0m[[0m[0mdebug[0m] [0m[0mEvaluating tasks: Compile / run[0m
[0m[[0m[0mdebug[0m] [0m[0mRunning task... Cancel: Signal, check cycles: false, forcegc: true[0m
[0m[[0m[0minfo[0m] [0m[0mcompiling 1 Scala source to C:\Projects\Flink course\flink-course\target\scala-2.12\classes ...[0m
[0m[[0m[31merror[0m] [0m[0mjava.lang.IllegalStateException: No operators defined in streaming topology. Cannot execute.[0m
[0m[[0m[31merror[0m] [0m[0m	at org.apache.flink.streaming.api.environment.StreamExecutionEnvironment.getStreamGraphGenerator(StreamExecutionEnvironment.java:2272)[0m
[0m[[0m[31merror[0m] [0m[0m	at org.apache.flink.streaming.api.environment.StreamExecutionEnvironment.getStreamGraph(StreamExecutionEnvironment.java:2239)[0m
[0m[[0m[31merror[0m] [0m[0m	at org.apache.flink.streaming.api.environment.StreamExecutionEnvironment.getStreamGraph(StreamExecutionEnvironment.java:2230)[0m
[0m[[0m[31merror[0m] [0m[0m	at org.apache.flink.streaming.api.environment.StreamExecutionEnvironment.getStreamGraph(StreamExecutionEnvironment.java:2216)[0m
[0m[[0m[31merror[0m] [0m[0m	at org.apache.flink.streaming.api.environment.StreamExecutionEnvironment.execute(StreamExecutionEnvironment.java:2043)[0m
[0m[[0m[31merror[0m] [0m[0m	at org.apache.flink.streaming.api.scala.StreamExecutionEnvironment.execute(StreamExecutionEnvironment.scala:870)[0m
[0m[[0m[31merror[0m] [0m[0m	at Trying$.delayedEndpoint$Trying$1(Trying.scala:34)[0m
[0m[[0m[31merror[0m] [0m[0m	at Trying$delayedInit$body.apply(Trying.scala:9)[0m
[0m[[0m[31merror[0m] [0m[0m	at scala.Function0.apply$mcV$sp(Function0.scala:39)[0m
[0m[[0m[31merror[0m] [0m[0m	at scala.Function0.apply$mcV$sp$(Function0.scala:39)[0m
[0m[[0m[31merror[0m] [0m[0m	at scala.runtime.AbstractFunction0.apply$mcV$sp(AbstractFunction0.scala:17)[0m
[0m[[0m[31merror[0m] [0m[0m	at scala.App.$anonfun$main$1$adapted(App.scala:80)[0m
[0m[[0m[31merror[0m] [0m[0m	at scala.collection.immutable.List.foreach(List.scala:431)[0m
[0m[[0m[31merror[0m] [0m[0m	at scala.App.main(App.scala:80)[0m
[0m[[0m[31merror[0m] [0m[0m	at scala.App.main$(App.scala:78)[0m
[0m[[0m[31merror[0m] [0m[0m	at Trying$.main(Trying.scala:9)[0m
[0m[[0m[31merror[0m] [0m[0m	at Trying.main(Trying.scala)[0m
[0m[[0m[31merror[0m] [0m[0m	at java.base/jdk.internal.reflect.NativeMethodAccessorImpl.invoke0(Native Method)[0m
[0m[[0m[31merror[0m] [0m[0m	at java.base/jdk.internal.reflect.NativeMethodAccessorImpl.invoke(NativeMethodAccessorImpl.java:62)[0m
[0m[[0m[31merror[0m] [0m[0m	at java.base/jdk.internal.reflect.DelegatingMethodAccessorImpl.invoke(DelegatingMethodAccessorImpl.java:43)[0m
[0m[[0m[31merror[0m] [0m[0m	at java.base/java.lang.reflect.Method.invoke(Method.java:566)[0m
[0m[[0m[31merror[0m] [0m[0m	at sbt.Run.invokeMain(Run.scala:143)[0m
[0m[[0m[31merror[0m] [0m[0m	at sbt.Run.execute$1(Run.scala:93)[0m
[0m[[0m[31merror[0m] [0m[0m	at sbt.Run.$anonfun$runWithLoader$5(Run.scala:120)[0m
[0m[[0m[31merror[0m] [0m[0m	at sbt.Run$.executeSuccess(Run.scala:186)[0m
[0m[[0m[31merror[0m] [0m[0m	at sbt.Run.runWithLoader(Run.scala:120)[0m
[0m[[0m[31merror[0m] [0m[0m	at sbt.Defaults$.$anonfun$bgRunTask$6(Defaults.scala:1983)[0m
[0m[[0m[31merror[0m] [0m[0m	at sbt.Defaults$.$anonfun$termWrapper$2(Defaults.scala:1922)[0m
[0m[[0m[31merror[0m] [0m[0m	at scala.runtime.java8.JFunction0$mcV$sp.apply(JFunction0$mcV$sp.java:23)[0m
[0m[[0m[31merror[0m] [0m[0m	at scala.util.Try$.apply(Try.scala:213)[0m
[0m[[0m[31merror[0m] [0m[0m	at sbt.internal.BackgroundThreadPool$BackgroundRunnable.run(DefaultBackgroundJobService.scala:366)[0m
[0m[[0m[31merror[0m] [0m[0m	at java.base/java.util.concurrent.ThreadPoolExecutor.runWorker(ThreadPoolExecutor.java:1128)[0m
[0m[[0m[31merror[0m] [0m[0m	at java.base/java.util.concurrent.ThreadPoolExecutor$Worker.run(ThreadPoolExecutor.java:628)[0m
[0m[[0m[31merror[0m] [0m[0m	at java.base/java.lang.Thread.run(Thread.java:834)[0m
[0m[[0m[31merror[0m] [0m[0m(Compile / [31mrun[0m) java.lang.IllegalStateException: No operators defined in streaming topology. Cannot execute.[0m
[0m[[0m[31merror[0m] [0m[0mTotal time: 2 s, completed 23-Jul-2023, 4:36:30 PM[0m
[0m[[0m[0mdebug[0m] [0m[0m> Exec(shell, None, None)[0m
