[0m[[0m[0mdebug[0m] [0m[0m> Exec(run, Some(407c086f-c8a5-4c58-ba34-007670b20332), Some(CommandSource(console0)))[0m
[0m[[0m[0mdebug[0m] [0m[0mEvaluating tasks: Compile / run[0m
[0m[[0m[0mdebug[0m] [0m[0mRunning task... Cancel: Signal, check cycles: false, forcegc: true[0m
[0m[[0m[0minfo[0m] [0m[0mcompiling 1 Scala source to C:\Projects\Flink-streaming\target\scala-2.12\classes ...[0m
[0m[[0m[0mdebug[0m] [0m[0mForcing garbage collection...[0m
[0m[[0m[31merror[0m] [0m[0morg.apache.flink.runtime.client.JobExecutionException: Job execution failed.[0m
[0m[[0m[31merror[0m] [0m[0m	at org.apache.flink.runtime.jobmaster.JobResult.toJobExecutionResult(JobResult.java:144)[0m
[0m[[0m[31merror[0m] [0m[0m	at org.apache.flink.runtime.minicluster.MiniClusterJobClient.lambda$getJobExecutionResult$3(MiniClusterJobClient.java:141)[0m
[0m[[0m[31merror[0m] [0m[0m	at java.base/java.util.concurrent.CompletableFuture$UniApply.tryFire(CompletableFuture.java:642)[0m
[0m[[0m[31merror[0m] [0m[0m	at java.base/java.util.concurrent.CompletableFuture.postComplete(CompletableFuture.java:506)[0m
[0m[[0m[31merror[0m] [0m[0m	at java.base/java.util.concurrent.CompletableFuture.complete(CompletableFuture.java:2073)[0m
[0m[[0m[31merror[0m] [0m[0m	at org.apache.flink.runtime.rpc.akka.AkkaInvocationHandler.lambda$invokeRpc$1(AkkaInvocationHandler.java:268)[0m
[0m[[0m[31merror[0m] [0m[0m	at java.base/java.util.concurrent.CompletableFuture.uniWhenComplete(CompletableFuture.java:859)[0m
[0m[[0m[31merror[0m] [0m[0m	at java.base/java.util.concurrent.CompletableFuture$UniWhenComplete.tryFire(CompletableFuture.java:837)[0m
[0m[[0m[31merror[0m] [0m[0m	at java.base/java.util.concurrent.CompletableFuture.postComplete(CompletableFuture.java:506)[0m
[0m[[0m[31merror[0m] [0m[0m	at java.base/java.util.concurrent.CompletableFuture.complete(CompletableFuture.java:2073)[0m
[0m[[0m[31merror[0m] [0m[0m	at org.apache.flink.util.concurrent.FutureUtils.doForward(FutureUtils.java:1277)[0m
[0m[[0m[31merror[0m] [0m[0m	at org.apache.flink.runtime.concurrent.akka.ClassLoadingUtils.lambda$null$1(ClassLoadingUtils.java:93)[0m
[0m[[0m[31merror[0m] [0m[0m	at org.apache.flink.runtime.concurrent.akka.ClassLoadingUtils.runWithContextClassLoader(ClassLoadingUtils.java:68)[0m
[0m[[0m[31merror[0m] [0m[0m	at org.apache.flink.runtime.concurrent.akka.ClassLoadingUtils.lambda$guardCompletionWithContextClassLoader$2(ClassLoadingUtils.java:92)[0m
[0m[[0m[31merror[0m] [0m[0m	at java.base/java.util.concurrent.CompletableFuture.uniWhenComplete(CompletableFuture.java:859)[0m
[0m[[0m[31merror[0m] [0m[0m	at java.base/java.util.concurrent.CompletableFuture$UniWhenComplete.tryFire(CompletableFuture.java:837)[0m
[0m[[0m[31merror[0m] [0m[0m	at java.base/java.util.concurrent.CompletableFuture.postComplete(CompletableFuture.java:506)[0m
[0m[[0m[31merror[0m] [0m[0m	at java.base/java.util.concurrent.CompletableFuture.complete(CompletableFuture.java:2073)[0m
[0m[[0m[31merror[0m] [0m[0m	at org.apache.flink.runtime.concurrent.akka.AkkaFutureUtils$1.onComplete(AkkaFutureUtils.java:47)[0m
[0m[[0m[31merror[0m] [0m[0m	at akka.dispatch.OnComplete.internal(Future.scala:300)[0m
[0m[[0m[31merror[0m] [0m[0m	at akka.dispatch.OnComplete.internal(Future.scala:297)[0m
[0m[[0m[31merror[0m] [0m[0m	at akka.dispatch.japi$CallbackBridge.apply(Future.scala:224)[0m
[0m[[0m[31merror[0m] [0m[0m	at akka.dispatch.japi$CallbackBridge.apply(Future.scala:221)[0m
[0m[[0m[31merror[0m] [0m[0m	at scala.concurrent.impl.CallbackRunnable.run(Promise.scala:60)[0m
[0m[[0m[31merror[0m] [0m[0m	at org.apache.flink.runtime.concurrent.akka.AkkaFutureUtils$DirectExecutionContext.execute(AkkaFutureUtils.java:65)[0m
[0m[[0m[31merror[0m] [0m[0m	at scala.concurrent.impl.CallbackRunnable.executeWithValue(Promise.scala:68)[0m
[0m[[0m[31merror[0m] [0m[0m	at scala.concurrent.impl.Promise$DefaultPromise.$anonfun$tryComplete$1(Promise.scala:284)[0m
[0m[[0m[31merror[0m] [0m[0m	at scala.concurrent.impl.Promise$DefaultPromise.$anonfun$tryComplete$1$adapted(Promise.scala:284)[0m
[0m[[0m[31merror[0m] [0m[0m	at scala.concurrent.impl.Promise$DefaultPromise.tryComplete(Promise.scala:284)[0m
[0m[[0m[31merror[0m] [0m[0m	at akka.pattern.PromiseActorRef.$bang(AskSupport.scala:621)[0m
[0m[[0m[31merror[0m] [0m[0m	at akka.pattern.PipeToSupport$PipeableFuture$$anonfun$pipeTo$1.applyOrElse(PipeToSupport.scala:24)[0m
[0m[[0m[31merror[0m] [0m[0m	at akka.pattern.PipeToSupport$PipeableFuture$$anonfun$pipeTo$1.applyOrElse(PipeToSupport.scala:23)[0m
[0m[[0m[31merror[0m] [0m[0m	at scala.concurrent.Future.$anonfun$andThen$1(Future.scala:532)[0m
[0m[[0m[31merror[0m] [0m[0m	at scala.concurrent.impl.Promise.liftedTree1$1(Promise.scala:29)[0m
[0m[[0m[31merror[0m] [0m[0m	at scala.concurrent.impl.Promise.$anonfun$transform$1(Promise.scala:29)[0m
[0m[[0m[31merror[0m] [0m[0m	at scala.concurrent.impl.CallbackRunnable.run(Promise.scala:60)[0m
[0m[[0m[31merror[0m] [0m[0m	at akka.dispatch.BatchingExecutor$AbstractBatch.processBatch(BatchingExecutor.scala:63)[0m
[0m[[0m[31merror[0m] [0m[0m	at akka.dispatch.BatchingExecutor$BlockableBatch.$anonfun$run$1(BatchingExecutor.scala:100)[0m
[0m[[0m[31merror[0m] [0m[0m	at scala.runtime.java8.JFunction0$mcV$sp.apply(JFunction0$mcV$sp.java:12)[0m
[0m[[0m[31merror[0m] [0m[0m	at scala.concurrent.BlockContext$.withBlockContext(BlockContext.scala:81)[0m
[0m[[0m[31merror[0m] [0m[0m	at akka.dispatch.BatchingExecutor$BlockableBatch.run(BatchingExecutor.scala:100)[0m
[0m[[0m[31merror[0m] [0m[0m	at akka.dispatch.TaskInvocation.run(AbstractDispatcher.scala:49)[0m
[0m[[0m[31merror[0m] [0m[0m	at akka.dispatch.ForkJoinExecutorConfigurator$AkkaForkJoinTask.exec(ForkJoinExecutorConfigurator.scala:48)[0m
[0m[[0m[31merror[0m] [0m[0m	at java.base/java.util.concurrent.ForkJoinTask.doExec(ForkJoinTask.java:290)[0m
[0m[[0m[31merror[0m] [0m[0m	at java.base/java.util.concurrent.ForkJoinPool$WorkQueue.topLevelExec(ForkJoinPool.java:1020)[0m
[0m[[0m[31merror[0m] [0m[0m	at java.base/java.util.concurrent.ForkJoinPool.scan(ForkJoinPool.java:1656)[0m
[0m[[0m[31merror[0m] [0m[0m	at java.base/java.util.concurrent.ForkJoinPool.runWorker(ForkJoinPool.java:1594)[0m
[0m[[0m[31merror[0m] [0m[0m	at java.base/java.util.concurrent.ForkJoinWorkerThread.run(ForkJoinWorkerThread.java:183)[0m
[0m[[0m[31merror[0m] [0m[0mCaused by: org.apache.flink.runtime.JobException: Recovery is suppressed by NoRestartBackoffTimeStrategy[0m
[0m[[0m[31merror[0m] [0m[0m	at org.apache.flink.runtime.executiongraph.failover.flip1.ExecutionFailureHandler.handleFailure(ExecutionFailureHandler.java:139)[0m
[0m[[0m[31merror[0m] [0m[0m	at org.apache.flink.runtime.executiongraph.failover.flip1.ExecutionFailureHandler.getFailureHandlingResult(ExecutionFailureHandler.java:83)[0m
[0m[[0m[31merror[0m] [0m[0m	at org.apache.flink.runtime.scheduler.DefaultScheduler.recordTaskFailure(DefaultScheduler.java:256)[0m
[0m[[0m[31merror[0m] [0m[0m	at org.apache.flink.runtime.scheduler.DefaultScheduler.handleTaskFailure(DefaultScheduler.java:247)[0m
[0m[[0m[31merror[0m] [0m[0m	at org.apache.flink.runtime.scheduler.DefaultScheduler.onTaskFailed(DefaultScheduler.java:240)[0m
[0m[[0m[31merror[0m] [0m[0m	at org.apache.flink.runtime.scheduler.SchedulerBase.onTaskExecutionStateUpdate(SchedulerBase.java:738)[0m
[0m[[0m[31merror[0m] [0m[0m	at org.apache.flink.runtime.scheduler.SchedulerBase.updateTaskExecutionState(SchedulerBase.java:715)[0m
[0m[[0m[31merror[0m] [0m[0m	at org.apache.flink.runtime.scheduler.SchedulerNG.updateTaskExecutionState(SchedulerNG.java:78)[0m
[0m[[0m[31merror[0m] [0m[0m	at org.apache.flink.runtime.jobmaster.JobMaster.updateTaskExecutionState(JobMaster.java:477)[0m
[0m[[0m[31merror[0m] [0m[0m	at jdk.internal.reflect.GeneratedMethodAccessor44.invoke(Unknown Source)[0m
[0m[[0m[31merror[0m] [0m[0m	at java.base/jdk.internal.reflect.DelegatingMethodAccessorImpl.invoke(DelegatingMethodAccessorImpl.java:43)[0m
[0m[[0m[31merror[0m] [0m[0m	at java.base/java.lang.reflect.Method.invoke(Method.java:566)[0m
[0m[[0m[31merror[0m] [0m[0m	at org.apache.flink.runtime.rpc.akka.AkkaRpcActor.lambda$handleRpcInvocation$1(AkkaRpcActor.java:309)[0m
[0m[[0m[31merror[0m] [0m[0m	at org.apache.flink.runtime.concurrent.akka.ClassLoadingUtils.runWithContextClassLoader(ClassLoadingUtils.java:83)[0m
[0m[[0m[31merror[0m] [0m[0m	at org.apache.flink.runtime.rpc.akka.AkkaRpcActor.handleRpcInvocation(AkkaRpcActor.java:307)[0m
[0m[[0m[31merror[0m] [0m[0m	at org.apache.flink.runtime.rpc.akka.AkkaRpcActor.handleRpcMessage(AkkaRpcActor.java:222)[0m
[0m[[0m[31merror[0m] [0m[0m	at org.apache.flink.runtime.rpc.akka.FencedAkkaRpcActor.handleRpcMessage(FencedAkkaRpcActor.java:84)[0m
[0m[[0m[31merror[0m] [0m[0m	at org.apache.flink.runtime.rpc.akka.AkkaRpcActor.handleMessage(AkkaRpcActor.java:168)[0m
[0m[[0m[31merror[0m] [0m[0m	at akka.japi.pf.UnitCaseStatement.apply(CaseStatements.scala:24)[0m
[0m[[0m[31merror[0m] [0m[0m	at akka.japi.pf.UnitCaseStatement.apply(CaseStatements.scala:20)[0m
[0m[[0m[31merror[0m] [0m[0m	at scala.PartialFunction.applyOrElse(PartialFunction.scala:123)[0m
[0m[[0m[31merror[0m] [0m[0m	at scala.PartialFunction.applyOrElse$(PartialFunction.scala:122)[0m
[0m[[0m[31merror[0m] [0m[0m	at akka.japi.pf.UnitCaseStatement.applyOrElse(CaseStatements.scala:20)[0m
[0m[[0m[31merror[0m] [0m[0m	at scala.PartialFunction$OrElse.applyOrElse(PartialFunction.scala:171)[0m
[0m[[0m[31merror[0m] [0m[0m	at scala.PartialFunction$OrElse.applyOrElse(PartialFunction.scala:172)[0m
[0m[[0m[31merror[0m] [0m[0m	at scala.PartialFunction$OrElse.applyOrElse(PartialFunction.scala:172)[0m
[0m[[0m[31merror[0m] [0m[0m	at akka.actor.Actor.aroundReceive(Actor.scala:537)[0m
[0m[[0m[31merror[0m] [0m[0m	at akka.actor.Actor.aroundReceive$(Actor.scala:535)[0m
[0m[[0m[31merror[0m] [0m[0m	at akka.actor.AbstractActor.aroundReceive(AbstractActor.scala:220)[0m
[0m[[0m[31merror[0m] [0m[0m	at akka.actor.ActorCell.receiveMessage(ActorCell.scala:580)[0m
[0m[[0m[31merror[0m] [0m[0m	at akka.actor.ActorCell.invoke(ActorCell.scala:548)[0m
[0m[[0m[31merror[0m] [0m[0m	at akka.dispatch.Mailbox.processMailbox(Mailbox.scala:270)[0m
[0m[[0m[31merror[0m] [0m[0m	at akka.dispatch.Mailbox.run(Mailbox.scala:231)[0m
[0m[[0m[31merror[0m] [0m[0m	at akka.dispatch.Mailbox.exec(Mailbox.scala:243)[0m
[0m[[0m[31merror[0m] [0m[0m	at java.base/java.util.concurrent.ForkJoinTask.doExec(ForkJoinTask.java:290)[0m
[0m[[0m[31merror[0m] [0m[0m	at java.base/java.util.concurrent.ForkJoinPool$WorkQueue.topLevelExec(ForkJoinPool.java:1020)[0m
[0m[[0m[31merror[0m] [0m[0m	at java.base/java.util.concurrent.ForkJoinPool.scan(ForkJoinPool.java:1656)[0m
[0m[[0m[31merror[0m] [0m[0m	at java.base/java.util.concurrent.ForkJoinPool.runWorker(ForkJoinPool.java:1594)[0m
[0m[[0m[31merror[0m] [0m[0m	at java.base/java.util.concurrent.ForkJoinWorkerThread.run(ForkJoinWorkerThread.java:183)[0m
[0m[[0m[31merror[0m] [0m[0mCaused by: com.datastax.oss.driver.api.core.DriverExecutionException[0m
[0m[[0m[31merror[0m] [0m[0m	at com.datastax.oss.driver.internal.core.util.concurrent.CompletableFutures.getUninterruptibly(CompletableFutures.java:115)[0m
[0m[[0m[31merror[0m] [0m[0m	at com.datastax.oss.driver.api.core.session.SessionBuilder.build(SessionBuilder.java:336)[0m
[0m[[0m[31merror[0m] [0m[0m	at CassandraSourceFunction.open(dbconnect.scala:15)[0m
[0m[[0m[31merror[0m] [0m[0m	at org.apache.flink.api.common.functions.util.FunctionUtils.openFunction(FunctionUtils.java:34)[0m
[0m[[0m[31merror[0m] [0m[0m	at org.apache.flink.streaming.api.operators.AbstractUdfStreamOperator.open(AbstractUdfStreamOperator.java:100)[0m
[0m[[0m[31merror[0m] [0m[0m	at org.apache.flink.streaming.runtime.tasks.RegularOperatorChain.initializeStateAndOpenOperators(RegularOperatorChain.java:107)[0m
[0m[[0m[31merror[0m] [0m[0m	at org.apache.flink.streaming.runtime.tasks.StreamTask.restoreGates(StreamTask.java:726)[0m
[0m[[0m[31merror[0m] [0m[0m	at org.apache.flink.streaming.runtime.tasks.StreamTaskActionExecutor$SynchronizedStreamTaskActionExecutor.call(StreamTaskActionExecutor.java:100)[0m
[0m[[0m[31merror[0m] [0m[0m	at org.apache.flink.streaming.runtime.tasks.StreamTask.restoreInternal(StreamTask.java:702)[0m
[0m[[0m[31merror[0m] [0m[0m	at org.apache.flink.streaming.runtime.tasks.StreamTask.restore(StreamTask.java:669)[0m
[0m[[0m[31merror[0m] [0m[0m	at org.apache.flink.runtime.taskmanager.Task.runWithSystemExitMonitoring(Task.java:935)[0m
[0m[[0m[31merror[0m] [0m[0m	at org.apache.flink.runtime.taskmanager.Task.restoreAndInvoke(Task.java:904)[0m
[0m[[0m[31merror[0m] [0m[0m	at org.apache.flink.runtime.taskmanager.Task.doRun(Task.java:728)[0m
[0m[[0m[31merror[0m] [0m[0m	at org.apache.flink.runtime.taskmanager.Task.run(Task.java:550)[0m
[0m[[0m[31merror[0m] [0m[0m	at java.base/java.lang.Thread.run(Thread.java:834)[0m
[0m[[0m[31merror[0m] [0m[0mCaused by: java.lang.NoSuchMethodError: com.datastax.oss.protocol.internal.request.query.QueryOptions.<init>(ILjava/util/List;Ljava/util/Map;ZILjava/nio/ByteBuffer;IJLjava/lang/String;)V[0m
[0m[[0m[31merror[0m] [0m[0m	at com.datastax.oss.driver.internal.core.adminrequest.AdminRequestHandler.buildQueryOptions(AdminRequestHandler.java:203)[0m
[0m[[0m[31merror[0m] [0m[0m	at com.datastax.oss.driver.internal.core.adminrequest.AdminRequestHandler.query(AdminRequestHandler.java:67)[0m
[0m[[0m[31merror[0m] [0m[0m	at com.datastax.oss.driver.internal.core.metadata.DefaultTopologyMonitor.query(DefaultTopologyMonitor.java:246)[0m
[0m[[0m[31merror[0m] [0m[0m	at com.datastax.oss.driver.internal.core.metadata.DefaultTopologyMonitor.query(DefaultTopologyMonitor.java:252)[0m
[0m[[0m[31merror[0m] [0m[0m	at com.datastax.oss.driver.internal.core.metadata.DefaultTopologyMonitor.refreshNodeList(DefaultTopologyMonitor.java:170)[0m
[0m[[0m[31merror[0m] [0m[0m	at com.datastax.oss.driver.internal.core.metadata.MetadataManager.refreshNodes(MetadataManager.java:154)[0m
[0m[[0m[31merror[0m] [0m[0m	at com.datastax.oss.driver.internal.core.session.DefaultSession$SingleThreaded.lambda$init$1(DefaultSession.java:333)[0m
[0m[[0m[31merror[0m] [0m[0m	at java.base/java.util.concurrent.CompletableFuture$UniCompose.tryFire(CompletableFuture.java:1072)[0m
[0m[[0m[31merror[0m] [0m[0m	at java.base/java.util.concurrent.CompletableFuture.postComplete(CompletableFuture.java:506)[0m
[0m[[0m[31merror[0m] [0m[0m	at java.base/java.util.concurrent.CompletableFuture.complete(CompletableFuture.java:2073)[0m
[0m[[0m[31merror[0m] [0m[0m	at com.datastax.oss.driver.internal.core.control.ControlConnection$SingleThreaded.lambda$init$2(ControlConnection.java:297)[0m
[0m[[0m[31merror[0m] [0m[0m	at com.datastax.oss.driver.internal.core.control.ControlConnection$SingleThreaded.lambda$connect$8(ControlConnection.java:437)[0m
[0m[[0m[31merror[0m] [0m[0m	at java.base/java.util.concurrent.CompletableFuture.uniWhenComplete(CompletableFuture.java:859)[0m
[0m[[0m[31merror[0m] [0m[0m	at java.base/java.util.concurrent.CompletableFuture$UniWhenComplete.tryFire(CompletableFuture.java:837)[0m
[0m[[0m[31merror[0m] [0m[0m	at java.base/java.util.concurrent.CompletableFuture$Completion.run(CompletableFuture.java:478)[0m
[0m[[0m[31merror[0m] [0m[0m	at io.netty.channel.DefaultEventLoop.run(DefaultEventLoop.java:54)[0m
[0m[[0m[31merror[0m] [0m[0m	at io.netty.util.concurrent.SingleThreadEventExecutor$5.run(SingleThreadEventExecutor.java:905)[0m
[0m[[0m[31merror[0m] [0m[0m	at io.netty.util.concurrent.FastThreadLocalRunnable.run(FastThreadLocalRunnable.java:30)[0m
[0m[[0m[31merror[0m] [0m[0m	at java.base/java.lang.Thread.run(Thread.java:834)[0m
[0m[[0m[31merror[0m] [0m[0m(Compile / [31mrun[0m) org.apache.flink.runtime.client.JobExecutionException: Job execution failed.[0m
[0m[[0m[31merror[0m] [0m[0mTotal time: 9 s, completed 26-Jul-2023, 1:09:17 AM[0m
[0m[[0m[0mdebug[0m] [0m[0m> Exec(shell, None, None)[0m
