[0m[[0m[0mdebug[0m] [0m[0m> Exec(;Test/compile; collectAnalyses, None, Some(CommandSource(network-1)))[0m
[0m[[0m[0mdebug[0m] [0m[0munmatched Processing event for requestId None: None[0m
[0m[[0m[0mdebug[0m] [0m[0munmatched Done event for requestId None: None[0m
[0m[[0m[0mdebug[0m] [0m[0m> Exec(Test/compile, None, Some(CommandSource(network-1)))[0m
[0m[[0m[0mdebug[0m] [0m[0munmatched Processing event for requestId None: None[0m
[0m[[0m[0mdebug[0m] [0m[0mEvaluating tasks: Test / compile[0m
[0m[[0m[0mdebug[0m] [0m[0mRunning task... Cancel: Signal, check cycles: false, forcegc: true[0m
[0m[[0m[0mdebug[0m] [0m[0mjsonRpcNotify: JsonRpcNotificationMessage(2.0, build/taskStart, {"taskId":{"id":"406","parents":[]},"eventTime":1690372861742,"message":"Compiling root","dataKind":"compile-task","data":{"target":{"uri":"file:/C:/Projects/Flink-streaming/#root/Compile"}}})[0m
[0m[[0m[0minfo[0m] [0m[0mcompiling 1 Scala source to C:\Projects\Flink-streaming\target\scala-2.12\classes ...[0m
[0m[[0m[0mdebug[0m] [0m[0mjsonRpcNotify: JsonRpcNotificationMessage(2.0, build/logMessage, {"type":3,"message":"compiling 1 Scala source to C:\\Projects\\Flink-streaming\\target\\scala-2.12\\classes ..."})[0m
[0m[[0m[0mdebug[0m] [0m[0mjsonRpcNotify: JsonRpcNotificationMessage(2.0, build/publishDiagnostics, {"textDocument":{"uri":"file:///C:/Projects/Flink-streaming/src/main/scala/Final.scala"},"buildTarget":{"uri":"file:/C:/Projects/Flink-streaming/#root/Compile"},"diagnostics":[{"range":{"start":{"line":0,"character":0},"end":{"line":0,"character":0}},"severity":1,"source":"sbt","message":"type mismatch;\n found   : Char\n required: String","relatedInformation":[]}],"reset":false})[0m
[0m[[0m[31merror[0m] [0m[0mC:\Projects\Flink-streaming\src\main\scala\Final.scala:86:25: type mismatch;[0m
[0m[[0m[31merror[0m] [0m[0m found   : Char[0m
[0m[[0m[31merror[0m] [0m[0m required: String[0m
[0m[[0m[31merror[0m] [0m[0m    Invoice(student_id, doubt, domain)[0m
[0m[[0m[31merror[0m] [0m[0m                        ^[0m
[0m[[0m[0mdebug[0m] [0m[0mjsonRpcNotify: JsonRpcNotificationMessage(2.0, build/logMessage, {"type":1,"message":"C:\\Projects\\Flink-streaming\\src\\main\\scala\\Final.scala:86:25: type mismatch;\n found   : Char\n required: String"})[0m
[0m[[0m[0mdebug[0m] [0m[0mjsonRpcNotify: JsonRpcNotificationMessage(2.0, build/logMessage, {"type":1,"message":"    Invoice(student_id, doubt, domain)"})[0m
[0m[[0m[0mdebug[0m] [0m[0mjsonRpcNotify: JsonRpcNotificationMessage(2.0, build/logMessage, {"type":1,"message":"                        ^"})[0m
[0m[[0m[0mdebug[0m] [0m[0mjsonRpcNotify: JsonRpcNotificationMessage(2.0, build/publishDiagnostics, {"textDocument":{"uri":"file:///C:/Projects/Flink-streaming/src/main/scala/Final.scala"},"buildTarget":{"uri":"file:/C:/Projects/Flink-streaming/#root/Compile"},"diagnostics":[{"range":{"start":{"line":0,"character":0},"end":{"line":0,"character":0}},"severity":1,"source":"sbt","message":"type mismatch;\n found   : Char\n required: String","relatedInformation":[]}],"reset":false})[0m
[0m[[0m[31merror[0m] [0m[0mC:\Projects\Flink-streaming\src\main\scala\Final.scala:86:32: type mismatch;[0m
[0m[[0m[31merror[0m] [0m[0m found   : Char[0m
[0m[[0m[31merror[0m] [0m[0m required: String[0m
[0m[[0m[31merror[0m] [0m[0m    Invoice(student_id, doubt, domain)[0m
[0m[[0m[31merror[0m] [0m[0m                               ^[0m
[0m[[0m[0mdebug[0m] [0m[0mjsonRpcNotify: JsonRpcNotificationMessage(2.0, build/logMessage, {"type":1,"message":"C:\\Projects\\Flink-streaming\\src\\main\\scala\\Final.scala:86:32: type mismatch;\n found   : Char\n required: String"})[0m
[0m[[0m[0mdebug[0m] [0m[0mjsonRpcNotify: JsonRpcNotificationMessage(2.0, build/logMessage, {"type":1,"message":"    Invoice(student_id, doubt, domain)"})[0m
[0m[[0m[0mdebug[0m] [0m[0mjsonRpcNotify: JsonRpcNotificationMessage(2.0, build/logMessage, {"type":1,"message":"                               ^"})[0m
[0m[[0m[0mdebug[0m] [0m[0mjsonRpcNotify: JsonRpcNotificationMessage(2.0, build/publishDiagnostics, {"textDocument":{"uri":"file:///C:/Projects/Flink-streaming/src/main/scala/Final.scala"},"buildTarget":{"uri":"file:/C:/Projects/Flink-streaming/#root/Compile"},"diagnostics":[{"range":{"start":{"line":0,"character":0},"end":{"line":0,"character":0}},"severity":1,"source":"sbt","message":"not found: value subject","relatedInformation":[]}],"reset":false})[0m
[0m[[0m[31merror[0m] [0m[0mC:\Projects\Flink-streaming\src\main\scala\Final.scala:89:72: not found: value subject[0m
[0m[[0m[31merror[0m] [0m[0m  val foundTeachers = teachersDb.filter(array_contains(col("domains"), subject))[0m
[0m[[0m[31merror[0m] [0m[0m                                                                       ^[0m
[0m[[0m[0mdebug[0m] [0m[0mjsonRpcNotify: JsonRpcNotificationMessage(2.0, build/logMessage, {"type":1,"message":"C:\\Projects\\Flink-streaming\\src\\main\\scala\\Final.scala:89:72: not found: value subject"})[0m
[0m[[0m[0mdebug[0m] [0m[0mjsonRpcNotify: JsonRpcNotificationMessage(2.0, build/logMessage, {"type":1,"message":"  val foundTeachers = teachersDb.filter(array_contains(col(\"domains\"), subject))"})[0m
[0m[[0m[0mdebug[0m] [0m[0mjsonRpcNotify: JsonRpcNotificationMessage(2.0, build/logMessage, {"type":1,"message":"                                                                       ^"})[0m
[0m[[0m[0mdebug[0m] [0m[0mjsonRpcNotify: JsonRpcNotificationMessage(2.0, build/publishDiagnostics, {"textDocument":{"uri":"file:///C:/Projects/Flink-streaming/src/main/scala/Final.scala"},"buildTarget":{"uri":"file:/C:/Projects/Flink-streaming/#root/Compile"},"diagnostics":[{"range":{"start":{"line":0,"character":0},"end":{"line":0,"character":0}},"severity":1,"source":"sbt","message":"not found: value subject","relatedInformation":[]}],"reset":false})[0m
[0m[[0m[31merror[0m] [0m[0mC:\Projects\Flink-streaming\src\main\scala\Final.scala:90:66: not found: value subject[0m
[0m[[0m[31merror[0m] [0m[0m  val foundTeachers2 = teachersDb.filter(col("domains").contains(subject))[0m
[0m[[0m[31merror[0m] [0m[0m                                                                 ^[0m
[0m[[0m[0mdebug[0m] [0m[0mjsonRpcNotify: JsonRpcNotificationMessage(2.0, build/logMessage, {"type":1,"message":"C:\\Projects\\Flink-streaming\\src\\main\\scala\\Final.scala:90:66: not found: value subject"})[0m
[0m[[0m[0mdebug[0m] [0m[0mjsonRpcNotify: JsonRpcNotificationMessage(2.0, build/logMessage, {"type":1,"message":"  val foundTeachers2 = teachersDb.filter(col(\"domains\").contains(subject))"})[0m
[0m[[0m[0mdebug[0m] [0m[0mjsonRpcNotify: JsonRpcNotificationMessage(2.0, build/logMessage, {"type":1,"message":"                                                                 ^"})[0m
[0m[[0m[0mdebug[0m] [0m[0mjsonRpcNotify: JsonRpcNotificationMessage(2.0, build/taskProgress, {"taskId":{"id":"406","parents":[]},"eventTime":1690372862287,"message":"Compiling root (15%)","total":26,"progress":15,"dataKind":"compile-progress","data":{"target":{"uri":"file:/C:/Projects/Flink-streaming/#root/Compile"}}})[0m
[0m[[0m[0mdebug[0m] [0m[0mjsonRpcNotify: JsonRpcNotificationMessage(2.0, build/taskProgress, {"taskId":{"id":"406","parents":[]},"eventTime":1690372862287,"message":"Compiling root (15%)","total":26,"progress":15,"dataKind":"compile-progress","data":{"target":{"uri":"file:/C:/Projects/Flink-streaming/#root/Compile"}}})[0m
[0m[[0m[31merror[0m] [0m[0mfour errors found[0m
[0m[[0m[0mdebug[0m] [0m[0mjsonRpcNotify: JsonRpcNotificationMessage(2.0, build/logMessage, {"type":1,"message":"four errors found"})[0m
[0m[[0m[0mdebug[0m] [0m[0mjsonRpcNotify: JsonRpcNotificationMessage(2.0, build/publishDiagnostics, {"textDocument":{"uri":"file:///C:/Projects/Flink-streaming/src/main/scala/Final.scala"},"buildTarget":{"uri":"file:/C:/Projects/Flink-streaming/#root/Compile"},"diagnostics":[{"range":{"start":{"line":0,"character":0},"end":{"line":0,"character":0}},"severity":1,"source":"sbt","message":"type mismatch;\n found   : Char\n required: String","relatedInformation":[]},{"range":{"start":{"line":0,"character":0},"end":{"line":0,"character":0}},"severity":1,"source":"sbt","message":"type mismatch;\n found   : Char\n required: String","relatedInformation":[]},{"range":{"start":{"line":0,"character":0},"end":{"line":0,"character":0}},"severity":1,"source":"sbt","message":"not found: value subject","relatedInformation":[]},{"range":{"start":{"line":0,"character":0},"end":{"line":0,"character":0}},"severity":1,"source":"sbt","message":"not found: value subject","relatedInformation":[]}],"reset":true})[0m
[0m[[0m[0mdebug[0m] [0m[0mjsonRpcNotify: JsonRpcNotificationMessage(2.0, build/taskFinish, {"taskId":{"id":"406","parents":[]},"eventTime":1690372862298,"message":"Compiled root","status":2,"dataKind":"compile-report","data":{"target":{"uri":"file:/C:/Projects/Flink-streaming/#root/Compile"},"errors":4,"warnings":0,"time":556}})[0m
[0m[[0m[0mdebug[0m] [0m[0munmatched json error for requestId None: {"code":-32603,"message":"(Compile / \u001b[31mcompileIncremental\u001b[0m) Compilation failed"}[0m
[0m[[0m[31merror[0m] [0m[0m(Compile / [31mcompileIncremental[0m) Compilation failed[0m
[0m[[0m[0mdebug[0m] [0m[0mjsonRpcNotify: JsonRpcNotificationMessage(2.0, build/logMessage, {"type":1,"message":"(Compile / \u001b[31mcompileIncremental\u001b[0m) Compilation failed"})[0m
[0m[[0m[31merror[0m] [0m[0mTotal time: 1 s, completed 26-Jul-2023, 5:31:02 PM[0m
[0m[[0m[0mdebug[0m] [0m[0munmatched Done event for requestId None: None[0m
[0m[[0m[0mdebug[0m] [0m[0m> Exec(shell, None, None)[0m
